0 info it worked if it ends with ok
1 verbose cli [ '/usr/bin/node', '/usr/bin/npm', 'i' ]
2 info using npm@3.5.2
3 info using node@v8.10.0
4 silly loadCurrentTree Starting
5 silly install loadCurrentTree
6 silly install readLocalPackageData
7 silly install normalizeTree
8 silly loadCurrentTree Finishing
9 silly loadIdealTree Starting
10 silly install loadIdealTree
11 silly cloneCurrentTree Starting
12 silly install cloneCurrentTreeToIdealTree
13 silly cloneCurrentTree Finishing
14 silly loadShrinkwrap Starting
15 silly install loadShrinkwrap
16 silly loadShrinkwrap Finishing
17 silly loadAllDepsIntoIdealTree Starting
18 silly install loadAllDepsIntoIdealTree
19 silly fetchNamedPackageData express
20 silly mapToRegistry name express
21 silly mapToRegistry using default registry
22 silly mapToRegistry registry https://registry.npmjs.org/
23 silly mapToRegistry uri https://registry.npmjs.org/express
24 verbose request uri https://registry.npmjs.org/express
25 verbose request no auth needed
26 info attempt registry request try #1 at 1:43:24 AM
27 verbose request id b380243c1b0438f3
28 verbose etag W/"1c982d2198c02c29c481b4af97a451b6"
29 verbose lastModified Thu, 06 Sep 2018 03:36:28 GMT
30 http request GET https://registry.npmjs.org/express
31 http 304 https://registry.npmjs.org/express
32 verbose headers { date: 'Fri, 28 Sep 2018 08:43:25 GMT',
32 verbose headers   connection: 'keep-alive',
32 verbose headers   'set-cookie':
32 verbose headers    [ '__cfduid=d09f495db9f8ff8f8e3b6b291528e1f501538124205; expires=Sat, 28-Sep-19 08:43:25 GMT; path=/; domain=.registry.npmjs.org; HttpOnly' ],
32 verbose headers   'cf-cache-status': 'HIT',
32 verbose headers   'cache-control': 'max-age=300',
32 verbose headers   'cf-ray': '4614ec1a8ed413e9-LAX',
32 verbose headers   etag: '"1c982d2198c02c29c481b4af97a451b6"',
32 verbose headers   'expect-ct': 'max-age=604800, report-uri="https://report-uri.cloudflare.com/cdn-cgi/beacon/expect-ct"',
32 verbose headers   'last-modified': 'Thu, 06 Sep 2018 03:36:28 GMT',
32 verbose headers   vary: 'accept-encoding, accept',
32 verbose headers   'x-amz-meta-rev': '3861-c00fc86ee33d583f612b0f36d5361b8e',
32 verbose headers   server: 'cloudflare' }
33 silly get cb [ 304,
33 silly get   { date: 'Fri, 28 Sep 2018 08:43:25 GMT',
33 silly get     connection: 'keep-alive',
33 silly get     'set-cookie':
33 silly get      [ '__cfduid=d09f495db9f8ff8f8e3b6b291528e1f501538124205; expires=Sat, 28-Sep-19 08:43:25 GMT; path=/; domain=.registry.npmjs.org; HttpOnly' ],
33 silly get     'cf-cache-status': 'HIT',
33 silly get     'cache-control': 'max-age=300',
33 silly get     'cf-ray': '4614ec1a8ed413e9-LAX',
33 silly get     etag: '"1c982d2198c02c29c481b4af97a451b6"',
33 silly get     'expect-ct': 'max-age=604800, report-uri="https://report-uri.cloudflare.com/cdn-cgi/beacon/expect-ct"',
33 silly get     'last-modified': 'Thu, 06 Sep 2018 03:36:28 GMT',
33 silly get     vary: 'accept-encoding, accept',
33 silly get     'x-amz-meta-rev': '3861-c00fc86ee33d583f612b0f36d5361b8e',
33 silly get     server: 'cloudflare' } ]
34 verbose etag https://registry.npmjs.org/express from cache
35 verbose get saving express to /home/warlock/.npm/registry.npmjs.org/express/.cache.json
36 silly resolveWithNewModule express@4.16.3 checking installable status
37 silly cache add args [ 'express@^4.16.3', null ]
38 verbose cache add spec express@^4.16.3
39 silly cache add parsed spec Result {
39 silly cache add   raw: 'express@^4.16.3',
39 silly cache add   scope: null,
39 silly cache add   name: 'express',
39 silly cache add   rawSpec: '^4.16.3',
39 silly cache add   spec: '>=4.16.3 <5.0.0',
39 silly cache add   type: 'range' }
40 silly addNamed express@>=4.16.3 <5.0.0
41 verbose addNamed ">=4.16.3 <5.0.0" is a valid semver range for express
42 silly addNameRange { name: 'express', range: '>=4.16.3 <5.0.0', hasData: false }
43 silly mapToRegistry name express
44 silly mapToRegistry using default registry
45 silly mapToRegistry registry https://registry.npmjs.org/
46 silly mapToRegistry uri https://registry.npmjs.org/express
47 verbose addNameRange registry:https://registry.npmjs.org/express not in flight; fetching
48 verbose get https://registry.npmjs.org/express not expired, no request
49 silly addNameRange number 2 { name: 'express', range: '>=4.16.3 <5.0.0', hasData: true }
50 silly addNameRange versions [ 'express',
50 silly addNameRange   [ '0.14.0',
50 silly addNameRange     '0.14.1',
50 silly addNameRange     '1.0.0',
50 silly addNameRange     '1.0.1',
50 silly addNameRange     '1.0.2',
50 silly addNameRange     '1.0.3',
50 silly addNameRange     '1.0.4',
50 silly addNameRange     '1.0.5',
50 silly addNameRange     '1.0.6',
50 silly addNameRange     '1.0.7',
50 silly addNameRange     '1.0.8',
50 silly addNameRange     '2.0.0',
50 silly addNameRange     '2.1.0',
50 silly addNameRange     '2.1.1',
50 silly addNameRange     '2.2.0',
50 silly addNameRange     '2.2.1',
50 silly addNameRange     '2.2.2',
50 silly addNameRange     '2.3.0',
50 silly addNameRange     '2.3.1',
50 silly addNameRange     '2.3.2',
50 silly addNameRange     '2.3.3',
50 silly addNameRange     '2.3.4',
50 silly addNameRange     '2.3.5',
50 silly addNameRange     '2.3.6',
50 silly addNameRange     '2.3.7',
50 silly addNameRange     '2.3.8',
50 silly addNameRange     '2.3.9',
50 silly addNameRange     '2.3.10',
50 silly addNameRange     '2.3.11',
50 silly addNameRange     '2.3.12',
50 silly addNameRange     '2.4.0',
50 silly addNameRange     '2.4.1',
50 silly addNameRange     '2.4.2',
50 silly addNameRange     '2.4.3',
50 silly addNameRange     '2.4.4',
50 silly addNameRange     '2.4.5',
50 silly addNameRange     '2.4.6',
50 silly addNameRange     '2.4.7',
50 silly addNameRange     '2.5.0',
50 silly addNameRange     '2.5.1',
50 silly addNameRange     '2.5.2',
50 silly addNameRange     '2.5.3',
50 silly addNameRange     '2.5.4',
50 silly addNameRange     '2.5.5',
50 silly addNameRange     '2.5.6',
50 silly addNameRange     '2.5.7',
50 silly addNameRange     '2.5.8',
50 silly addNameRange     '2.5.9',
50 silly addNameRange     '2.5.10',
50 silly addNameRange     '2.5.11',
50 silly addNameRange     '3.0.0',
50 silly addNameRange     '3.0.1',
50 silly addNameRange     '3.0.2',
50 silly addNameRange     '3.0.3',
50 silly addNameRange     '3.0.4',
50 silly addNameRange     '3.0.5',
50 silly addNameRange     '3.0.6',
50 silly addNameRange     '3.1.0',
50 silly addNameRange     '3.1.1',
50 silly addNameRange     '3.1.2',
50 silly addNameRange     '3.2.0',
50 silly addNameRange     '3.2.1',
50 silly addNameRange     '3.2.2',
50 silly addNameRange     '3.2.3',
50 silly addNameRange     '3.2.4',
50 silly addNameRange     '3.2.5',
50 silly addNameRange     '3.2.6',
50 silly addNameRange     '3.3.0',
50 silly addNameRange     '3.3.1',
50 silly addNameRange     '3.3.2',
50 silly addNameRange     '3.3.3',
50 silly addNameRange     '3.3.4',
50 silly addNameRange     '3.3.5',
50 silly addNameRange     '3.3.6',
50 silly addNameRange     '1.0.0-beta',
50 silly addNameRange     '1.0.0-beta2',
50 silly addNameRange     '1.0.0-rc',
50 silly addNameRange     '1.0.0-rc2',
50 silly addNameRange     '1.0.0-rc3',
50 silly addNameRange     '1.0.0-rc4',
50 silly addNameRange     '2.0.0-beta',
50 silly addNameRange     '2.0.0-beta2',
50 silly addNameRange     '2.0.0-beta3',
50 silly addNameRange     '2.0.0-rc',
50 silly addNameRange     '2.0.0-rc2',
50 silly addNameRange     '2.0.0-rc3',
50 silly addNameRange     '3.0.0-alpha1',
50 silly addNameRange     '3.0.0-alpha2',
50 silly addNameRange     '3.0.0-alpha3',
50 silly addNameRange     '3.0.0-alpha4',
50 silly addNameRange     '3.0.0-alpha5',
50 silly addNameRange     '3.0.0-beta1',
50 silly addNameRange     '3.0.0-beta2',
50 silly addNameRange     '3.0.0-beta3',
50 silly addNameRange     '3.0.0-beta4',
50 silly addNameRange     '3.0.0-beta6',
50 silly addNameRange     '3.0.0-beta7',
50 silly addNameRange     '3.0.0-rc1',
50 silly addNameRange     '3.0.0-rc2',
50 silly addNameRange     '3.0.0-rc3',
50 silly addNameRange     ... 159 more items ] ]
51 silly addNamed express@4.16.3
52 verbose addNamed "4.16.3" is a plain semver version for express
53 silly cache afterAdd express@4.16.3
54 verbose afterAdd /home/warlock/.npm/express/4.16.3/package/package.json not in flight; writing
55 verbose afterAdd /home/warlock/.npm/express/4.16.3/package/package.json written
56 silly fetchNamedPackageData body-parser
57 silly mapToRegistry name body-parser
58 silly mapToRegistry using default registry
59 silly mapToRegistry registry https://registry.npmjs.org/
60 silly mapToRegistry uri https://registry.npmjs.org/body-parser
61 verbose request uri https://registry.npmjs.org/body-parser
62 verbose request no auth needed
63 info attempt registry request try #1 at 1:43:25 AM
64 verbose etag W/"247d19400f6d89c9ace982917be1d9e4"
65 verbose lastModified Thu, 02 Aug 2018 09:56:30 GMT
66 http request GET https://registry.npmjs.org/body-parser
67 http 304 https://registry.npmjs.org/body-parser
68 verbose headers { date: 'Fri, 28 Sep 2018 08:43:25 GMT',
68 verbose headers   connection: 'keep-alive',
68 verbose headers   'set-cookie':
68 verbose headers    [ '__cfduid=d09f495db9f8ff8f8e3b6b291528e1f501538124205; expires=Sat, 28-Sep-19 08:43:25 GMT; path=/; domain=.registry.npmjs.org; HttpOnly' ],
68 verbose headers   'cf-cache-status': 'HIT',
68 verbose headers   'cache-control': 'max-age=300',
68 verbose headers   'cf-ray': '4614ec1c3f3f13e9-LAX',
68 verbose headers   etag: '"247d19400f6d89c9ace982917be1d9e4"',
68 verbose headers   'expect-ct': 'max-age=604800, report-uri="https://report-uri.cloudflare.com/cdn-cgi/beacon/expect-ct"',
68 verbose headers   'last-modified': 'Thu, 02 Aug 2018 09:56:30 GMT',
68 verbose headers   vary: 'accept-encoding, accept',
68 verbose headers   server: 'cloudflare' }
69 silly get cb [ 304,
69 silly get   { date: 'Fri, 28 Sep 2018 08:43:25 GMT',
69 silly get     connection: 'keep-alive',
69 silly get     'set-cookie':
69 silly get      [ '__cfduid=d09f495db9f8ff8f8e3b6b291528e1f501538124205; expires=Sat, 28-Sep-19 08:43:25 GMT; path=/; domain=.registry.npmjs.org; HttpOnly' ],
69 silly get     'cf-cache-status': 'HIT',
69 silly get     'cache-control': 'max-age=300',
69 silly get     'cf-ray': '4614ec1c3f3f13e9-LAX',
69 silly get     etag: '"247d19400f6d89c9ace982917be1d9e4"',
69 silly get     'expect-ct': 'max-age=604800, report-uri="https://report-uri.cloudflare.com/cdn-cgi/beacon/expect-ct"',
69 silly get     'last-modified': 'Thu, 02 Aug 2018 09:56:30 GMT',
69 silly get     vary: 'accept-encoding, accept',
69 silly get     server: 'cloudflare' } ]
70 verbose etag https://registry.npmjs.org/body-parser from cache
71 verbose get saving body-parser to /home/warlock/.npm/registry.npmjs.org/body-parser/.cache.json
72 silly resolveWithNewModule body-parser@1.18.2 checking installable status
73 silly cache add args [ 'body-parser@1.18.2', null ]
74 verbose cache add spec body-parser@1.18.2
75 silly cache add parsed spec Result {
75 silly cache add   raw: 'body-parser@1.18.2',
75 silly cache add   scope: null,
75 silly cache add   name: 'body-parser',
75 silly cache add   rawSpec: '1.18.2',
75 silly cache add   spec: '1.18.2',
75 silly cache add   type: 'version' }
76 silly addNamed body-parser@1.18.2
77 verbose addNamed "1.18.2" is a plain semver version for body-parser
78 silly mapToRegistry name body-parser
79 silly mapToRegistry using default registry
80 silly mapToRegistry registry https://registry.npmjs.org/
81 silly mapToRegistry uri https://registry.npmjs.org/body-parser
82 verbose addNameVersion registry:https://registry.npmjs.org/body-parser not in flight; fetching
83 verbose get https://registry.npmjs.org/body-parser not expired, no request
84 silly cache afterAdd body-parser@1.18.2
85 verbose afterAdd /home/warlock/.npm/body-parser/1.18.2/package/package.json not in flight; writing
86 verbose afterAdd /home/warlock/.npm/body-parser/1.18.2/package/package.json written
87 silly fetchNamedPackageData iconv-lite
88 silly mapToRegistry name iconv-lite
89 silly mapToRegistry using default registry
90 silly mapToRegistry registry https://registry.npmjs.org/
91 silly mapToRegistry uri https://registry.npmjs.org/iconv-lite
92 silly fetchNamedPackageData raw-body
93 silly mapToRegistry name raw-body
94 silly mapToRegistry using default registry
95 silly mapToRegistry registry https://registry.npmjs.org/
96 silly mapToRegistry uri https://registry.npmjs.org/raw-body
97 verbose request uri https://registry.npmjs.org/iconv-lite
98 verbose request no auth needed
99 info attempt registry request try #1 at 1:43:25 AM
100 verbose etag W/"533857c9c79701496be33612dd529dcb"
101 verbose lastModified Tue, 25 Sep 2018 02:45:30 GMT
102 http request GET https://registry.npmjs.org/iconv-lite
103 verbose request uri https://registry.npmjs.org/raw-body
104 verbose request no auth needed
105 info attempt registry request try #1 at 1:43:25 AM
106 verbose etag W/"23a20b3fb2aae88192a0552cfee0ceed"
107 verbose lastModified Sun, 27 May 2018 13:37:30 GMT
108 http request GET https://registry.npmjs.org/raw-body
109 http 304 https://registry.npmjs.org/iconv-lite
110 verbose headers { date: 'Fri, 28 Sep 2018 08:43:25 GMT',
110 verbose headers   connection: 'keep-alive',
110 verbose headers   'set-cookie':
110 verbose headers    [ '__cfduid=d09f495db9f8ff8f8e3b6b291528e1f501538124205; expires=Sat, 28-Sep-19 08:43:25 GMT; path=/; domain=.registry.npmjs.org; HttpOnly' ],
110 verbose headers   'cf-cache-status': 'HIT',
110 verbose headers   'cache-control': 'max-age=300',
110 verbose headers   'cf-ray': '4614ec1d4f6213e9-LAX',
110 verbose headers   etag: '"533857c9c79701496be33612dd529dcb"',
110 verbose headers   'expect-ct': 'max-age=604800, report-uri="https://report-uri.cloudflare.com/cdn-cgi/beacon/expect-ct"',
110 verbose headers   'last-modified': 'Tue, 25 Sep 2018 02:45:30 GMT',
110 verbose headers   vary: 'accept-encoding, accept',
110 verbose headers   'x-amz-meta-rev': '203-dfc269cf159bfa106fed31cd2a92c44f',
110 verbose headers   server: 'cloudflare' }
111 silly get cb [ 304,
111 silly get   { date: 'Fri, 28 Sep 2018 08:43:25 GMT',
111 silly get     connection: 'keep-alive',
111 silly get     'set-cookie':
111 silly get      [ '__cfduid=d09f495db9f8ff8f8e3b6b291528e1f501538124205; expires=Sat, 28-Sep-19 08:43:25 GMT; path=/; domain=.registry.npmjs.org; HttpOnly' ],
111 silly get     'cf-cache-status': 'HIT',
111 silly get     'cache-control': 'max-age=300',
111 silly get     'cf-ray': '4614ec1d4f6213e9-LAX',
111 silly get     etag: '"533857c9c79701496be33612dd529dcb"',
111 silly get     'expect-ct': 'max-age=604800, report-uri="https://report-uri.cloudflare.com/cdn-cgi/beacon/expect-ct"',
111 silly get     'last-modified': 'Tue, 25 Sep 2018 02:45:30 GMT',
111 silly get     vary: 'accept-encoding, accept',
111 silly get     'x-amz-meta-rev': '203-dfc269cf159bfa106fed31cd2a92c44f',
111 silly get     server: 'cloudflare' } ]
112 verbose etag https://registry.npmjs.org/iconv-lite from cache
113 verbose get saving iconv-lite to /home/warlock/.npm/registry.npmjs.org/iconv-lite/.cache.json
114 silly resolveWithNewModule iconv-lite@0.4.19 checking installable status
115 silly cache add args [ 'iconv-lite@0.4.19', null ]
116 verbose cache add spec iconv-lite@0.4.19
117 silly cache add parsed spec Result {
117 silly cache add   raw: 'iconv-lite@0.4.19',
117 silly cache add   scope: null,
117 silly cache add   name: 'iconv-lite',
117 silly cache add   rawSpec: '0.4.19',
117 silly cache add   spec: '0.4.19',
117 silly cache add   type: 'version' }
118 silly addNamed iconv-lite@0.4.19
119 verbose addNamed "0.4.19" is a plain semver version for iconv-lite
120 silly mapToRegistry name iconv-lite
121 silly mapToRegistry using default registry
122 silly mapToRegistry registry https://registry.npmjs.org/
123 silly mapToRegistry uri https://registry.npmjs.org/iconv-lite
124 verbose addNameVersion registry:https://registry.npmjs.org/iconv-lite not in flight; fetching
125 http 304 https://registry.npmjs.org/raw-body
126 verbose headers { date: 'Fri, 28 Sep 2018 08:43:25 GMT',
126 verbose headers   connection: 'keep-alive',
126 verbose headers   'set-cookie':
126 verbose headers    [ '__cfduid=d275e93333390e69be419ac3f56c9228f1538124205; expires=Sat, 28-Sep-19 08:43:25 GMT; path=/; domain=.registry.npmjs.org; HttpOnly' ],
126 verbose headers   'cf-cache-status': 'HIT',
126 verbose headers   'cache-control': 'max-age=300',
126 verbose headers   'cf-ray': '4614ec1d6cec22e2-LAX',
126 verbose headers   etag: '"23a20b3fb2aae88192a0552cfee0ceed"',
126 verbose headers   'expect-ct': 'max-age=604800, report-uri="https://report-uri.cloudflare.com/cdn-cgi/beacon/expect-ct"',
126 verbose headers   'last-modified': 'Sun, 27 May 2018 13:37:30 GMT',
126 verbose headers   vary: 'accept-encoding, accept',
126 verbose headers   server: 'cloudflare' }
127 silly get cb [ 304,
127 silly get   { date: 'Fri, 28 Sep 2018 08:43:25 GMT',
127 silly get     connection: 'keep-alive',
127 silly get     'set-cookie':
127 silly get      [ '__cfduid=d275e93333390e69be419ac3f56c9228f1538124205; expires=Sat, 28-Sep-19 08:43:25 GMT; path=/; domain=.registry.npmjs.org; HttpOnly' ],
127 silly get     'cf-cache-status': 'HIT',
127 silly get     'cache-control': 'max-age=300',
127 silly get     'cf-ray': '4614ec1d6cec22e2-LAX',
127 silly get     etag: '"23a20b3fb2aae88192a0552cfee0ceed"',
127 silly get     'expect-ct': 'max-age=604800, report-uri="https://report-uri.cloudflare.com/cdn-cgi/beacon/expect-ct"',
127 silly get     'last-modified': 'Sun, 27 May 2018 13:37:30 GMT',
127 silly get     vary: 'accept-encoding, accept',
127 silly get     server: 'cloudflare' } ]
128 verbose etag https://registry.npmjs.org/raw-body from cache
129 verbose get saving raw-body to /home/warlock/.npm/registry.npmjs.org/raw-body/.cache.json
130 verbose get https://registry.npmjs.org/iconv-lite not expired, no request
131 silly resolveWithNewModule raw-body@2.3.2 checking installable status
132 silly cache add args [ 'raw-body@2.3.2', null ]
133 verbose cache add spec raw-body@2.3.2
134 silly cache add parsed spec Result {
134 silly cache add   raw: 'raw-body@2.3.2',
134 silly cache add   scope: null,
134 silly cache add   name: 'raw-body',
134 silly cache add   rawSpec: '2.3.2',
134 silly cache add   spec: '2.3.2',
134 silly cache add   type: 'version' }
135 silly addNamed raw-body@2.3.2
136 verbose addNamed "2.3.2" is a plain semver version for raw-body
137 silly mapToRegistry name raw-body
138 silly mapToRegistry using default registry
139 silly mapToRegistry registry https://registry.npmjs.org/
140 silly mapToRegistry uri https://registry.npmjs.org/raw-body
141 verbose addNameVersion registry:https://registry.npmjs.org/raw-body not in flight; fetching
142 verbose get https://registry.npmjs.org/raw-body not expired, no request
143 silly cache afterAdd iconv-lite@0.4.19
144 verbose afterAdd /home/warlock/.npm/iconv-lite/0.4.19/package/package.json not in flight; writing
145 verbose afterAdd /home/warlock/.npm/iconv-lite/0.4.19/package/package.json written
146 silly cache afterAdd raw-body@2.3.2
147 verbose afterAdd /home/warlock/.npm/raw-body/2.3.2/package/package.json not in flight; writing
148 verbose afterAdd /home/warlock/.npm/raw-body/2.3.2/package/package.json written
149 silly fetchNamedPackageData http-errors
150 silly mapToRegistry name http-errors
151 silly mapToRegistry using default registry
152 silly mapToRegistry registry https://registry.npmjs.org/
153 silly mapToRegistry uri https://registry.npmjs.org/http-errors
154 verbose request uri https://registry.npmjs.org/http-errors
155 verbose request no auth needed
156 info attempt registry request try #1 at 1:43:25 AM
157 verbose etag W/"18d5dcd33e8fcce01a42d16122cc00de"
158 verbose lastModified Sat, 08 Sep 2018 22:16:36 GMT
159 http request GET https://registry.npmjs.org/http-errors
160 http 304 https://registry.npmjs.org/http-errors
161 verbose headers { date: 'Fri, 28 Sep 2018 08:43:25 GMT',
161 verbose headers   connection: 'keep-alive',
161 verbose headers   'set-cookie':
161 verbose headers    [ '__cfduid=d09f495db9f8ff8f8e3b6b291528e1f501538124205; expires=Sat, 28-Sep-19 08:43:25 GMT; path=/; domain=.registry.npmjs.org; HttpOnly' ],
161 verbose headers   'cf-cache-status': 'HIT',
161 verbose headers   'cache-control': 'max-age=300',
161 verbose headers   'cf-ray': '4614ec1eafa213e9-LAX',
161 verbose headers   etag: '"18d5dcd33e8fcce01a42d16122cc00de"',
161 verbose headers   'expect-ct': 'max-age=604800, report-uri="https://report-uri.cloudflare.com/cdn-cgi/beacon/expect-ct"',
161 verbose headers   'last-modified': 'Sat, 08 Sep 2018 22:16:36 GMT',
161 verbose headers   vary: 'accept-encoding, accept',
161 verbose headers   'x-amz-meta-rev': '87-a89b1b018e06cd46d8935990c487d1cf',
161 verbose headers   server: 'cloudflare' }
162 silly get cb [ 304,
162 silly get   { date: 'Fri, 28 Sep 2018 08:43:25 GMT',
162 silly get     connection: 'keep-alive',
162 silly get     'set-cookie':
162 silly get      [ '__cfduid=d09f495db9f8ff8f8e3b6b291528e1f501538124205; expires=Sat, 28-Sep-19 08:43:25 GMT; path=/; domain=.registry.npmjs.org; HttpOnly' ],
162 silly get     'cf-cache-status': 'HIT',
162 silly get     'cache-control': 'max-age=300',
162 silly get     'cf-ray': '4614ec1eafa213e9-LAX',
162 silly get     etag: '"18d5dcd33e8fcce01a42d16122cc00de"',
162 silly get     'expect-ct': 'max-age=604800, report-uri="https://report-uri.cloudflare.com/cdn-cgi/beacon/expect-ct"',
162 silly get     'last-modified': 'Sat, 08 Sep 2018 22:16:36 GMT',
162 silly get     vary: 'accept-encoding, accept',
162 silly get     'x-amz-meta-rev': '87-a89b1b018e06cd46d8935990c487d1cf',
162 silly get     server: 'cloudflare' } ]
163 verbose etag https://registry.npmjs.org/http-errors from cache
164 verbose get saving http-errors to /home/warlock/.npm/registry.npmjs.org/http-errors/.cache.json
165 silly resolveWithNewModule http-errors@1.6.2 checking installable status
166 silly cache add args [ 'http-errors@1.6.2', null ]
167 verbose cache add spec http-errors@1.6.2
168 silly cache add parsed spec Result {
168 silly cache add   raw: 'http-errors@1.6.2',
168 silly cache add   scope: null,
168 silly cache add   name: 'http-errors',
168 silly cache add   rawSpec: '1.6.2',
168 silly cache add   spec: '1.6.2',
168 silly cache add   type: 'version' }
169 silly addNamed http-errors@1.6.2
170 verbose addNamed "1.6.2" is a plain semver version for http-errors
171 silly mapToRegistry name http-errors
172 silly mapToRegistry using default registry
173 silly mapToRegistry registry https://registry.npmjs.org/
174 silly mapToRegistry uri https://registry.npmjs.org/http-errors
175 verbose addNameVersion registry:https://registry.npmjs.org/http-errors not in flight; fetching
176 verbose get https://registry.npmjs.org/http-errors not expired, no request
177 silly cache afterAdd http-errors@1.6.2
178 verbose afterAdd /home/warlock/.npm/http-errors/1.6.2/package/package.json not in flight; writing
179 verbose afterAdd /home/warlock/.npm/http-errors/1.6.2/package/package.json written
180 silly fetchNamedPackageData depd
181 silly mapToRegistry name depd
182 silly mapToRegistry using default registry
183 silly mapToRegistry registry https://registry.npmjs.org/
184 silly mapToRegistry uri https://registry.npmjs.org/depd
185 silly fetchNamedPackageData setprototypeof
186 silly mapToRegistry name setprototypeof
187 silly mapToRegistry using default registry
188 silly mapToRegistry registry https://registry.npmjs.org/
189 silly mapToRegistry uri https://registry.npmjs.org/setprototypeof
190 verbose request uri https://registry.npmjs.org/depd
191 verbose request no auth needed
192 info attempt registry request try #1 at 1:43:25 AM
193 verbose etag W/"9150e87559c898ce3ac0d1c8d2d8ae9b"
194 verbose lastModified Sat, 26 May 2018 21:59:06 GMT
195 http request GET https://registry.npmjs.org/depd
196 verbose request uri https://registry.npmjs.org/setprototypeof
197 verbose request no auth needed
198 info attempt registry request try #1 at 1:43:25 AM
199 verbose etag W/"70f646ec16e53d6f2f4e91b016a868f6"
200 verbose lastModified Fri, 03 Aug 2018 00:42:29 GMT
201 http request GET https://registry.npmjs.org/setprototypeof
202 http 304 https://registry.npmjs.org/setprototypeof
203 verbose headers { date: 'Fri, 28 Sep 2018 08:43:25 GMT',
203 verbose headers   connection: 'keep-alive',
203 verbose headers   'set-cookie':
203 verbose headers    [ '__cfduid=d09f495db9f8ff8f8e3b6b291528e1f501538124205; expires=Sat, 28-Sep-19 08:43:25 GMT; path=/; domain=.registry.npmjs.org; HttpOnly' ],
203 verbose headers   'cf-cache-status': 'HIT',
203 verbose headers   'cache-control': 'max-age=300',
203 verbose headers   'cf-ray': '4614ec1f5fc613e9-LAX',
203 verbose headers   etag: '"70f646ec16e53d6f2f4e91b016a868f6"',
203 verbose headers   'expect-ct': 'max-age=604800, report-uri="https://report-uri.cloudflare.com/cdn-cgi/beacon/expect-ct"',
203 verbose headers   'last-modified': 'Fri, 03 Aug 2018 00:42:29 GMT',
203 verbose headers   vary: 'accept-encoding, accept',
203 verbose headers   server: 'cloudflare' }
204 silly get cb [ 304,
204 silly get   { date: 'Fri, 28 Sep 2018 08:43:25 GMT',
204 silly get     connection: 'keep-alive',
204 silly get     'set-cookie':
204 silly get      [ '__cfduid=d09f495db9f8ff8f8e3b6b291528e1f501538124205; expires=Sat, 28-Sep-19 08:43:25 GMT; path=/; domain=.registry.npmjs.org; HttpOnly' ],
204 silly get     'cf-cache-status': 'HIT',
204 silly get     'cache-control': 'max-age=300',
204 silly get     'cf-ray': '4614ec1f5fc613e9-LAX',
204 silly get     etag: '"70f646ec16e53d6f2f4e91b016a868f6"',
204 silly get     'expect-ct': 'max-age=604800, report-uri="https://report-uri.cloudflare.com/cdn-cgi/beacon/expect-ct"',
204 silly get     'last-modified': 'Fri, 03 Aug 2018 00:42:29 GMT',
204 silly get     vary: 'accept-encoding, accept',
204 silly get     server: 'cloudflare' } ]
205 verbose etag https://registry.npmjs.org/setprototypeof from cache
206 verbose get saving setprototypeof to /home/warlock/.npm/registry.npmjs.org/setprototypeof/.cache.json
207 http 304 https://registry.npmjs.org/depd
208 verbose headers { date: 'Fri, 28 Sep 2018 08:43:25 GMT',
208 verbose headers   connection: 'keep-alive',
208 verbose headers   'set-cookie':
208 verbose headers    [ '__cfduid=d275e93333390e69be419ac3f56c9228f1538124205; expires=Sat, 28-Sep-19 08:43:25 GMT; path=/; domain=.registry.npmjs.org; HttpOnly' ],
208 verbose headers   'cf-cache-status': 'HIT',
208 verbose headers   'cache-control': 'max-age=300',
208 verbose headers   'cf-ray': '4614ec1f5e0c22e2-LAX',
208 verbose headers   etag: '"9150e87559c898ce3ac0d1c8d2d8ae9b"',
208 verbose headers   'expect-ct': 'max-age=604800, report-uri="https://report-uri.cloudflare.com/cdn-cgi/beacon/expect-ct"',
208 verbose headers   'last-modified': 'Sat, 26 May 2018 21:59:06 GMT',
208 verbose headers   vary: 'accept-encoding, accept',
208 verbose headers   server: 'cloudflare' }
209 silly get cb [ 304,
209 silly get   { date: 'Fri, 28 Sep 2018 08:43:25 GMT',
209 silly get     connection: 'keep-alive',
209 silly get     'set-cookie':
209 silly get      [ '__cfduid=d275e93333390e69be419ac3f56c9228f1538124205; expires=Sat, 28-Sep-19 08:43:25 GMT; path=/; domain=.registry.npmjs.org; HttpOnly' ],
209 silly get     'cf-cache-status': 'HIT',
209 silly get     'cache-control': 'max-age=300',
209 silly get     'cf-ray': '4614ec1f5e0c22e2-LAX',
209 silly get     etag: '"9150e87559c898ce3ac0d1c8d2d8ae9b"',
209 silly get     'expect-ct': 'max-age=604800, report-uri="https://report-uri.cloudflare.com/cdn-cgi/beacon/expect-ct"',
209 silly get     'last-modified': 'Sat, 26 May 2018 21:59:06 GMT',
209 silly get     vary: 'accept-encoding, accept',
209 silly get     server: 'cloudflare' } ]
210 verbose etag https://registry.npmjs.org/depd from cache
211 verbose get saving depd to /home/warlock/.npm/registry.npmjs.org/depd/.cache.json
212 silly resolveWithNewModule depd@1.1.1 checking installable status
213 silly cache add args [ 'depd@1.1.1', null ]
214 verbose cache add spec depd@1.1.1
215 silly cache add parsed spec Result {
215 silly cache add   raw: 'depd@1.1.1',
215 silly cache add   scope: null,
215 silly cache add   name: 'depd',
215 silly cache add   rawSpec: '1.1.1',
215 silly cache add   spec: '1.1.1',
215 silly cache add   type: 'version' }
216 silly addNamed depd@1.1.1
217 verbose addNamed "1.1.1" is a plain semver version for depd
218 silly mapToRegistry name depd
219 silly mapToRegistry using default registry
220 silly mapToRegistry registry https://registry.npmjs.org/
221 silly mapToRegistry uri https://registry.npmjs.org/depd
222 verbose addNameVersion registry:https://registry.npmjs.org/depd not in flight; fetching
223 verbose get https://registry.npmjs.org/depd not expired, no request
224 silly resolveWithNewModule setprototypeof@1.0.3 checking installable status
225 silly cache add args [ 'setprototypeof@1.0.3', null ]
226 verbose cache add spec setprototypeof@1.0.3
227 silly cache add parsed spec Result {
227 silly cache add   raw: 'setprototypeof@1.0.3',
227 silly cache add   scope: null,
227 silly cache add   name: 'setprototypeof',
227 silly cache add   rawSpec: '1.0.3',
227 silly cache add   spec: '1.0.3',
227 silly cache add   type: 'version' }
228 silly addNamed setprototypeof@1.0.3
229 verbose addNamed "1.0.3" is a plain semver version for setprototypeof
230 silly mapToRegistry name setprototypeof
231 silly mapToRegistry using default registry
232 silly mapToRegistry registry https://registry.npmjs.org/
233 silly mapToRegistry uri https://registry.npmjs.org/setprototypeof
234 verbose addNameVersion registry:https://registry.npmjs.org/setprototypeof not in flight; fetching
235 verbose get https://registry.npmjs.org/setprototypeof not expired, no request
236 silly cache afterAdd setprototypeof@1.0.3
237 verbose afterAdd /home/warlock/.npm/setprototypeof/1.0.3/package/package.json not in flight; writing
238 verbose afterAdd /home/warlock/.npm/setprototypeof/1.0.3/package/package.json written
239 silly cache afterAdd depd@1.1.1
240 verbose afterAdd /home/warlock/.npm/depd/1.1.1/package/package.json not in flight; writing
241 verbose afterAdd /home/warlock/.npm/depd/1.1.1/package/package.json written
242 silly loadAllDepsIntoIdealTree Finishing
243 silly idealTree:prePrune jeeves2k18@1.0.0
243 silly idealTree:prePrune ├── @types/body-parser@1.17.0
243 silly idealTree:prePrune ├── @types/connect@3.4.32
243 silly idealTree:prePrune ├── @types/cors@2.8.4
243 silly idealTree:prePrune ├── @types/events@1.2.0
243 silly idealTree:prePrune ├── @types/express-serve-static-core@4.16.0
243 silly idealTree:prePrune ├── @types/express@4.16.0
243 silly idealTree:prePrune ├── @types/jsonwebtoken@7.2.8
243 silly idealTree:prePrune ├── @types/lodash@4.14.116
243 silly idealTree:prePrune ├── @types/mime@2.0.0
243 silly idealTree:prePrune ├── @types/node@10.11.2
243 silly idealTree:prePrune ├── @types/range-parser@1.2.2
243 silly idealTree:prePrune ├── @types/serve-static@1.13.2
243 silly idealTree:prePrune ├── accepts@1.3.5
243 silly idealTree:prePrune ├── array-flatten@1.1.1
243 silly idealTree:prePrune ├─┬ body-parser@1.18.3
243 silly idealTree:prePrune │ └── qs@6.5.2
243 silly idealTree:prePrune ├── buffer-equal-constant-time@1.0.1
243 silly idealTree:prePrune ├── bytes@3.0.0
243 silly idealTree:prePrune ├── content-disposition@0.5.2
243 silly idealTree:prePrune ├── content-type@1.0.4
243 silly idealTree:prePrune ├── cookie-signature@1.0.6
243 silly idealTree:prePrune ├── cookie@0.3.1
243 silly idealTree:prePrune ├── cors@2.8.4
243 silly idealTree:prePrune ├── debug@2.6.9
243 silly idealTree:prePrune ├── depd@1.1.2
243 silly idealTree:prePrune ├── destroy@1.0.4
243 silly idealTree:prePrune ├── ecdsa-sig-formatter@1.0.10
243 silly idealTree:prePrune ├── ee-first@1.1.1
243 silly idealTree:prePrune ├── encodeurl@1.0.2
243 silly idealTree:prePrune ├── escape-html@1.0.3
243 silly idealTree:prePrune ├── etag@1.8.1
243 silly idealTree:prePrune ├─┬ express@4.16.3
243 silly idealTree:prePrune │ ├── body-parser@1.18.2
243 silly idealTree:prePrune │ ├── iconv-lite@0.4.19
243 silly idealTree:prePrune │ └─┬ raw-body@2.3.2
243 silly idealTree:prePrune │   ├── depd@1.1.1
243 silly idealTree:prePrune │   ├── http-errors@1.6.2
243 silly idealTree:prePrune │   └── setprototypeof@1.0.3
243 silly idealTree:prePrune ├── finalhandler@1.1.1
243 silly idealTree:prePrune ├─┬ firebase-functions@2.0.5
243 silly idealTree:prePrune │ ├── body-parser@1.18.2
243 silly idealTree:prePrune │ ├── express@4.16.3
243 silly idealTree:prePrune │ ├── iconv-lite@0.4.19
243 silly idealTree:prePrune │ └─┬ raw-body@2.3.2
243 silly idealTree:prePrune │   ├── depd@1.1.1
243 silly idealTree:prePrune │   ├── http-errors@1.6.2
243 silly idealTree:prePrune │   └── setprototypeof@1.0.3
243 silly idealTree:prePrune ├── forwarded@0.1.2
243 silly idealTree:prePrune ├── fresh@0.5.2
243 silly idealTree:prePrune ├── http-errors@1.6.3
243 silly idealTree:prePrune ├── iconv-lite@0.4.23
243 silly idealTree:prePrune ├── inherits@2.0.3
243 silly idealTree:prePrune ├── ipaddr.js@1.8.0
243 silly idealTree:prePrune ├─┬ jsonwebtoken@8.3.0
243 silly idealTree:prePrune │ └── ms@2.1.1
243 silly idealTree:prePrune ├── jwa@1.1.6
243 silly idealTree:prePrune ├── jws@3.1.5
243 silly idealTree:prePrune ├── lodash.includes@4.3.0
243 silly idealTree:prePrune ├── lodash.isboolean@3.0.3
243 silly idealTree:prePrune ├── lodash.isinteger@4.0.4
243 silly idealTree:prePrune ├── lodash.isnumber@3.0.3
243 silly idealTree:prePrune ├── lodash.isplainobject@4.0.6
243 silly idealTree:prePrune ├── lodash.isstring@4.0.1
243 silly idealTree:prePrune ├── lodash.once@4.1.1
243 silly idealTree:prePrune ├── lodash@4.17.11
243 silly idealTree:prePrune ├── media-typer@0.3.0
243 silly idealTree:prePrune ├── merge-descriptors@1.0.1
243 silly idealTree:prePrune ├── methods@1.1.2
243 silly idealTree:prePrune ├── mime-db@1.36.0
243 silly idealTree:prePrune ├── mime-types@2.1.20
243 silly idealTree:prePrune ├── mime@1.4.1
243 silly idealTree:prePrune ├── ms@2.0.0
243 silly idealTree:prePrune ├── negotiator@0.6.1
243 silly idealTree:prePrune ├── node-fetch@2.2.0
243 silly idealTree:prePrune ├── object-assign@4.1.1
243 silly idealTree:prePrune ├── on-finished@2.3.0
243 silly idealTree:prePrune ├── parseurl@1.3.2
243 silly idealTree:prePrune ├── path-to-regexp@0.1.7
243 silly idealTree:prePrune ├── proxy-addr@2.0.4
243 silly idealTree:prePrune ├── qs@6.5.1
243 silly idealTree:prePrune ├── range-parser@1.2.0
243 silly idealTree:prePrune ├── raw-body@2.3.3
243 silly idealTree:prePrune ├── safe-buffer@5.1.1
243 silly idealTree:prePrune ├── safer-buffer@2.1.2
243 silly idealTree:prePrune ├── send@0.16.2
243 silly idealTree:prePrune ├── serve-static@1.13.2
243 silly idealTree:prePrune ├── setprototypeof@1.1.0
243 silly idealTree:prePrune ├── statuses@1.4.0
243 silly idealTree:prePrune ├── type-is@1.6.16
243 silly idealTree:prePrune ├── unpipe@1.0.0
243 silly idealTree:prePrune ├── utils-merge@1.0.1
243 silly idealTree:prePrune └── vary@1.1.2
244 silly loadIdealTree Finishing
245 silly currentTree jeeves2k18@1.0.0
245 silly currentTree ├── @types/body-parser@1.17.0
245 silly currentTree ├── @types/connect@3.4.32
245 silly currentTree ├── @types/cors@2.8.4
245 silly currentTree ├── @types/events@1.2.0
245 silly currentTree ├── @types/express-serve-static-core@4.16.0
245 silly currentTree ├── @types/express@4.16.0
245 silly currentTree ├── @types/jsonwebtoken@7.2.8
245 silly currentTree ├── @types/lodash@4.14.116
245 silly currentTree ├── @types/mime@2.0.0
245 silly currentTree ├── @types/node@10.11.2
245 silly currentTree ├── @types/range-parser@1.2.2
245 silly currentTree ├── @types/serve-static@1.13.2
245 silly currentTree ├── accepts@1.3.5
245 silly currentTree ├── array-flatten@1.1.1
245 silly currentTree ├─┬ body-parser@1.18.3
245 silly currentTree │ └── qs@6.5.2
245 silly currentTree ├── buffer-equal-constant-time@1.0.1
245 silly currentTree ├── bytes@3.0.0
245 silly currentTree ├── content-disposition@0.5.2
245 silly currentTree ├── content-type@1.0.4
245 silly currentTree ├── cookie-signature@1.0.6
245 silly currentTree ├── cookie@0.3.1
245 silly currentTree ├── cors@2.8.4
245 silly currentTree ├── debug@2.6.9
245 silly currentTree ├── depd@1.1.2
245 silly currentTree ├── destroy@1.0.4
245 silly currentTree ├── ecdsa-sig-formatter@1.0.10
245 silly currentTree ├── ee-first@1.1.1
245 silly currentTree ├── encodeurl@1.0.2
245 silly currentTree ├── escape-html@1.0.3
245 silly currentTree ├── etag@1.8.1
245 silly currentTree ├── finalhandler@1.1.1
245 silly currentTree ├─┬ firebase-functions@2.0.5
245 silly currentTree │ ├── body-parser@1.18.2
245 silly currentTree │ ├── express@4.16.3
245 silly currentTree │ ├── iconv-lite@0.4.19
245 silly currentTree │ └─┬ raw-body@2.3.2
245 silly currentTree │   ├── depd@1.1.1
245 silly currentTree │   ├── http-errors@1.6.2
245 silly currentTree │   └── setprototypeof@1.0.3
245 silly currentTree ├── forwarded@0.1.2
245 silly currentTree ├── fresh@0.5.2
245 silly currentTree ├── http-errors@1.6.3
245 silly currentTree ├── iconv-lite@0.4.23
245 silly currentTree ├── inherits@2.0.3
245 silly currentTree ├── ipaddr.js@1.8.0
245 silly currentTree ├─┬ jsonwebtoken@8.3.0
245 silly currentTree │ └── ms@2.1.1
245 silly currentTree ├── jwa@1.1.6
245 silly currentTree ├── jws@3.1.5
245 silly currentTree ├── lodash.includes@4.3.0
245 silly currentTree ├── lodash.isboolean@3.0.3
245 silly currentTree ├── lodash.isinteger@4.0.4
245 silly currentTree ├── lodash.isnumber@3.0.3
245 silly currentTree ├── lodash.isplainobject@4.0.6
245 silly currentTree ├── lodash.isstring@4.0.1
245 silly currentTree ├── lodash.once@4.1.1
245 silly currentTree ├── lodash@4.17.11
245 silly currentTree ├── media-typer@0.3.0
245 silly currentTree ├── merge-descriptors@1.0.1
245 silly currentTree ├── methods@1.1.2
245 silly currentTree ├── mime-db@1.36.0
245 silly currentTree ├── mime-types@2.1.20
245 silly currentTree ├── mime@1.4.1
245 silly currentTree ├── ms@2.0.0
245 silly currentTree ├── negotiator@0.6.1
245 silly currentTree ├── node-fetch@2.2.0
245 silly currentTree ├── object-assign@4.1.1
245 silly currentTree ├── on-finished@2.3.0
245 silly currentTree ├── parseurl@1.3.2
245 silly currentTree ├── path-to-regexp@0.1.7
245 silly currentTree ├── proxy-addr@2.0.4
245 silly currentTree ├── qs@6.5.1
245 silly currentTree ├── range-parser@1.2.0
245 silly currentTree ├── raw-body@2.3.3
245 silly currentTree ├── safe-buffer@5.1.1
245 silly currentTree ├── safer-buffer@2.1.2
245 silly currentTree ├── send@0.16.2
245 silly currentTree ├── serve-static@1.13.2
245 silly currentTree ├── setprototypeof@1.1.0
245 silly currentTree ├── statuses@1.4.0
245 silly currentTree ├── type-is@1.6.16
245 silly currentTree ├── unpipe@1.0.0
245 silly currentTree ├── utils-merge@1.0.1
245 silly currentTree └── vary@1.1.2
246 silly idealTree jeeves2k18@1.0.0
246 silly idealTree ├── @types/body-parser@1.17.0
246 silly idealTree ├── @types/connect@3.4.32
246 silly idealTree ├── @types/cors@2.8.4
246 silly idealTree ├── @types/events@1.2.0
246 silly idealTree ├── @types/express-serve-static-core@4.16.0
246 silly idealTree ├── @types/express@4.16.0
246 silly idealTree ├── @types/jsonwebtoken@7.2.8
246 silly idealTree ├── @types/lodash@4.14.116
246 silly idealTree ├── @types/mime@2.0.0
246 silly idealTree ├── @types/node@10.11.2
246 silly idealTree ├── @types/range-parser@1.2.2
246 silly idealTree ├── @types/serve-static@1.13.2
246 silly idealTree ├── accepts@1.3.5
246 silly idealTree ├── array-flatten@1.1.1
246 silly idealTree ├─┬ body-parser@1.18.3
246 silly idealTree │ └── qs@6.5.2
246 silly idealTree ├── buffer-equal-constant-time@1.0.1
246 silly idealTree ├── bytes@3.0.0
246 silly idealTree ├── content-disposition@0.5.2
246 silly idealTree ├── content-type@1.0.4
246 silly idealTree ├── cookie-signature@1.0.6
246 silly idealTree ├── cookie@0.3.1
246 silly idealTree ├── cors@2.8.4
246 silly idealTree ├── debug@2.6.9
246 silly idealTree ├── depd@1.1.2
246 silly idealTree ├── destroy@1.0.4
246 silly idealTree ├── ecdsa-sig-formatter@1.0.10
246 silly idealTree ├── ee-first@1.1.1
246 silly idealTree ├── encodeurl@1.0.2
246 silly idealTree ├── escape-html@1.0.3
246 silly idealTree ├── etag@1.8.1
246 silly idealTree ├─┬ express@4.16.3
246 silly idealTree │ ├── body-parser@1.18.2
246 silly idealTree │ ├── iconv-lite@0.4.19
246 silly idealTree │ └─┬ raw-body@2.3.2
246 silly idealTree │   ├── depd@1.1.1
246 silly idealTree │   ├── http-errors@1.6.2
246 silly idealTree │   └── setprototypeof@1.0.3
246 silly idealTree ├── finalhandler@1.1.1
246 silly idealTree ├─┬ firebase-functions@2.0.5
246 silly idealTree │ ├── body-parser@1.18.2
246 silly idealTree │ ├── express@4.16.3
246 silly idealTree │ ├── iconv-lite@0.4.19
246 silly idealTree │ └─┬ raw-body@2.3.2
246 silly idealTree │   ├── depd@1.1.1
246 silly idealTree │   ├── http-errors@1.6.2
246 silly idealTree │   └── setprototypeof@1.0.3
246 silly idealTree ├── forwarded@0.1.2
246 silly idealTree ├── fresh@0.5.2
246 silly idealTree ├── http-errors@1.6.3
246 silly idealTree ├── iconv-lite@0.4.23
246 silly idealTree ├── inherits@2.0.3
246 silly idealTree ├── ipaddr.js@1.8.0
246 silly idealTree ├─┬ jsonwebtoken@8.3.0
246 silly idealTree │ └── ms@2.1.1
246 silly idealTree ├── jwa@1.1.6
246 silly idealTree ├── jws@3.1.5
246 silly idealTree ├── lodash.includes@4.3.0
246 silly idealTree ├── lodash.isboolean@3.0.3
246 silly idealTree ├── lodash.isinteger@4.0.4
246 silly idealTree ├── lodash.isnumber@3.0.3
246 silly idealTree ├── lodash.isplainobject@4.0.6
246 silly idealTree ├── lodash.isstring@4.0.1
246 silly idealTree ├── lodash.once@4.1.1
246 silly idealTree ├── lodash@4.17.11
246 silly idealTree ├── media-typer@0.3.0
246 silly idealTree ├── merge-descriptors@1.0.1
246 silly idealTree ├── methods@1.1.2
246 silly idealTree ├── mime-db@1.36.0
246 silly idealTree ├── mime-types@2.1.20
246 silly idealTree ├── mime@1.4.1
246 silly idealTree ├── ms@2.0.0
246 silly idealTree ├── negotiator@0.6.1
246 silly idealTree ├── node-fetch@2.2.0
246 silly idealTree ├── object-assign@4.1.1
246 silly idealTree ├── on-finished@2.3.0
246 silly idealTree ├── parseurl@1.3.2
246 silly idealTree ├── path-to-regexp@0.1.7
246 silly idealTree ├── proxy-addr@2.0.4
246 silly idealTree ├── qs@6.5.1
246 silly idealTree ├── range-parser@1.2.0
246 silly idealTree ├── raw-body@2.3.3
246 silly idealTree ├── safe-buffer@5.1.1
246 silly idealTree ├── safer-buffer@2.1.2
246 silly idealTree ├── send@0.16.2
246 silly idealTree ├── serve-static@1.13.2
246 silly idealTree ├── setprototypeof@1.1.0
246 silly idealTree ├── statuses@1.4.0
246 silly idealTree ├── type-is@1.6.16
246 silly idealTree ├── unpipe@1.0.0
246 silly idealTree ├── utils-merge@1.0.1
246 silly idealTree └── vary@1.1.2
247 silly generateActionsToTake Starting
248 silly install generateActionsToTake
249 silly generateActionsToTake Finishing
250 silly diffTrees action count 8
251 silly diffTrees add iconv-lite@0.4.19
252 silly diffTrees add depd@1.1.1
253 silly diffTrees add setprototypeof@1.0.3
254 silly diffTrees add http-errors@1.6.2
255 silly diffTrees add raw-body@2.3.2
256 silly diffTrees add body-parser@1.18.2
257 silly diffTrees add express@4.16.3
258 silly diffTrees update node-fetch@2.2.0
259 silly decomposeActions action count 64
260 silly decomposeActions fetch iconv-lite@0.4.19
261 silly decomposeActions extract iconv-lite@0.4.19
262 silly decomposeActions test iconv-lite@0.4.19
263 silly decomposeActions preinstall iconv-lite@0.4.19
264 silly decomposeActions build iconv-lite@0.4.19
265 silly decomposeActions install iconv-lite@0.4.19
266 silly decomposeActions postinstall iconv-lite@0.4.19
267 silly decomposeActions finalize iconv-lite@0.4.19
268 silly decomposeActions fetch depd@1.1.1
269 silly decomposeActions extract depd@1.1.1
270 silly decomposeActions test depd@1.1.1
271 silly decomposeActions preinstall depd@1.1.1
272 silly decomposeActions build depd@1.1.1
273 silly decomposeActions install depd@1.1.1
274 silly decomposeActions postinstall depd@1.1.1
275 silly decomposeActions finalize depd@1.1.1
276 silly decomposeActions fetch setprototypeof@1.0.3
277 silly decomposeActions extract setprototypeof@1.0.3
278 silly decomposeActions test setprototypeof@1.0.3
279 silly decomposeActions preinstall setprototypeof@1.0.3
280 silly decomposeActions build setprototypeof@1.0.3
281 silly decomposeActions install setprototypeof@1.0.3
282 silly decomposeActions postinstall setprototypeof@1.0.3
283 silly decomposeActions finalize setprototypeof@1.0.3
284 silly decomposeActions fetch http-errors@1.6.2
285 silly decomposeActions extract http-errors@1.6.2
286 silly decomposeActions test http-errors@1.6.2
287 silly decomposeActions preinstall http-errors@1.6.2
288 silly decomposeActions build http-errors@1.6.2
289 silly decomposeActions install http-errors@1.6.2
290 silly decomposeActions postinstall http-errors@1.6.2
291 silly decomposeActions finalize http-errors@1.6.2
292 silly decomposeActions fetch raw-body@2.3.2
293 silly decomposeActions extract raw-body@2.3.2
294 silly decomposeActions test raw-body@2.3.2
295 silly decomposeActions preinstall raw-body@2.3.2
296 silly decomposeActions build raw-body@2.3.2
297 silly decomposeActions install raw-body@2.3.2
298 silly decomposeActions postinstall raw-body@2.3.2
299 silly decomposeActions finalize raw-body@2.3.2
300 silly decomposeActions fetch body-parser@1.18.2
301 silly decomposeActions extract body-parser@1.18.2
302 silly decomposeActions test body-parser@1.18.2
303 silly decomposeActions preinstall body-parser@1.18.2
304 silly decomposeActions build body-parser@1.18.2
305 silly decomposeActions install body-parser@1.18.2
306 silly decomposeActions postinstall body-parser@1.18.2
307 silly decomposeActions finalize body-parser@1.18.2
308 silly decomposeActions fetch express@4.16.3
309 silly decomposeActions extract express@4.16.3
310 silly decomposeActions test express@4.16.3
311 silly decomposeActions preinstall express@4.16.3
312 silly decomposeActions build express@4.16.3
313 silly decomposeActions install express@4.16.3
314 silly decomposeActions postinstall express@4.16.3
315 silly decomposeActions finalize express@4.16.3
316 silly decomposeActions fetch node-fetch@2.2.0
317 silly decomposeActions extract node-fetch@2.2.0
318 silly decomposeActions test node-fetch@2.2.0
319 silly decomposeActions preinstall node-fetch@2.2.0
320 silly decomposeActions build node-fetch@2.2.0
321 silly decomposeActions install node-fetch@2.2.0
322 silly decomposeActions postinstall node-fetch@2.2.0
323 silly decomposeActions finalize node-fetch@2.2.0
324 silly executeActions Starting
325 silly install executeActions
326 silly doSerial global-install 0
327 silly doParallel fetch 8
328 verbose lock using /home/warlock/.npm/_locks/staging-eb94fcef77c18036.lock for /home/warlock/jeeves2k18/jeeves2k18/node_modules/.staging
329 silly doParallel extract 8
330 silly extract iconv-lite@0.4.19
331 silly extract depd@1.1.1
332 silly extract setprototypeof@1.0.3
333 silly extract http-errors@1.6.2
334 silly extract raw-body@2.3.2
335 silly extract body-parser@1.18.2
336 silly extract express@4.16.3
337 silly extract node-fetch@2.2.0
338 verbose unbuild node_modules/.staging/depd-f2f07e06
339 verbose unbuild node_modules/.staging/iconv-lite-54bd87da
340 verbose unbuild node_modules/.staging/setprototypeof-42d808e7
341 verbose unbuild node_modules/.staging/http-errors-9c6a37d3
342 verbose unbuild node_modules/.staging/raw-body-b5959d7c
343 verbose unbuild node_modules/.staging/body-parser-7f7a16be
344 verbose unbuild node_modules/.staging/express-5847800f
345 silly gentlyRm /home/warlock/jeeves2k18/jeeves2k18/node_modules/.staging/depd-f2f07e06 is being purged from base /home/warlock/jeeves2k18/jeeves2k18
346 verbose gentlyRm don't care about contents; nuking /home/warlock/jeeves2k18/jeeves2k18/node_modules/.staging/depd-f2f07e06
347 silly gentlyRm /home/warlock/jeeves2k18/jeeves2k18/node_modules/.staging/iconv-lite-54bd87da is being purged from base /home/warlock/jeeves2k18/jeeves2k18
348 verbose gentlyRm don't care about contents; nuking /home/warlock/jeeves2k18/jeeves2k18/node_modules/.staging/iconv-lite-54bd87da
349 silly gentlyRm /home/warlock/jeeves2k18/jeeves2k18/node_modules/.staging/setprototypeof-42d808e7 is being purged from base /home/warlock/jeeves2k18/jeeves2k18
350 verbose gentlyRm don't care about contents; nuking /home/warlock/jeeves2k18/jeeves2k18/node_modules/.staging/setprototypeof-42d808e7
351 silly gentlyRm /home/warlock/jeeves2k18/jeeves2k18/node_modules/.staging/http-errors-9c6a37d3 is being purged from base /home/warlock/jeeves2k18/jeeves2k18
352 verbose gentlyRm don't care about contents; nuking /home/warlock/jeeves2k18/jeeves2k18/node_modules/.staging/http-errors-9c6a37d3
353 silly gentlyRm /home/warlock/jeeves2k18/jeeves2k18/node_modules/.staging/raw-body-b5959d7c is being purged from base /home/warlock/jeeves2k18/jeeves2k18
354 verbose gentlyRm don't care about contents; nuking /home/warlock/jeeves2k18/jeeves2k18/node_modules/.staging/raw-body-b5959d7c
355 silly gentlyRm /home/warlock/jeeves2k18/jeeves2k18/node_modules/.staging/body-parser-7f7a16be is being purged from base /home/warlock/jeeves2k18/jeeves2k18
356 verbose gentlyRm don't care about contents; nuking /home/warlock/jeeves2k18/jeeves2k18/node_modules/.staging/body-parser-7f7a16be
357 verbose tar unpack /home/warlock/.npm/depd/1.1.1/package.tgz
358 verbose tar unpacking to /home/warlock/jeeves2k18/jeeves2k18/node_modules/.staging/depd-f2f07e06
359 silly gentlyRm /home/warlock/jeeves2k18/jeeves2k18/node_modules/.staging/depd-f2f07e06 is being purged
360 verbose gentlyRm don't care about contents; nuking /home/warlock/jeeves2k18/jeeves2k18/node_modules/.staging/depd-f2f07e06
361 verbose tar unpack /home/warlock/.npm/iconv-lite/0.4.19/package.tgz
362 verbose tar unpacking to /home/warlock/jeeves2k18/jeeves2k18/node_modules/.staging/iconv-lite-54bd87da
363 silly gentlyRm /home/warlock/jeeves2k18/jeeves2k18/node_modules/.staging/iconv-lite-54bd87da is being purged
364 verbose gentlyRm don't care about contents; nuking /home/warlock/jeeves2k18/jeeves2k18/node_modules/.staging/iconv-lite-54bd87da
365 silly gentlyRm /home/warlock/jeeves2k18/jeeves2k18/node_modules/.staging/express-5847800f is being purged from base /home/warlock/jeeves2k18/jeeves2k18
366 verbose gentlyRm don't care about contents; nuking /home/warlock/jeeves2k18/jeeves2k18/node_modules/.staging/express-5847800f
367 verbose tar unpack /home/warlock/.npm/setprototypeof/1.0.3/package.tgz
368 verbose tar unpacking to /home/warlock/jeeves2k18/jeeves2k18/node_modules/.staging/setprototypeof-42d808e7
369 silly gentlyRm /home/warlock/jeeves2k18/jeeves2k18/node_modules/.staging/setprototypeof-42d808e7 is being purged
370 verbose gentlyRm don't care about contents; nuking /home/warlock/jeeves2k18/jeeves2k18/node_modules/.staging/setprototypeof-42d808e7
371 verbose tar unpack /home/warlock/.npm/http-errors/1.6.2/package.tgz
372 verbose tar unpacking to /home/warlock/jeeves2k18/jeeves2k18/node_modules/.staging/http-errors-9c6a37d3
373 silly gentlyRm /home/warlock/jeeves2k18/jeeves2k18/node_modules/.staging/http-errors-9c6a37d3 is being purged
374 verbose gentlyRm don't care about contents; nuking /home/warlock/jeeves2k18/jeeves2k18/node_modules/.staging/http-errors-9c6a37d3
375 verbose tar unpack /home/warlock/.npm/raw-body/2.3.2/package.tgz
376 verbose tar unpacking to /home/warlock/jeeves2k18/jeeves2k18/node_modules/.staging/raw-body-b5959d7c
377 silly gentlyRm /home/warlock/jeeves2k18/jeeves2k18/node_modules/.staging/raw-body-b5959d7c is being purged
378 verbose gentlyRm don't care about contents; nuking /home/warlock/jeeves2k18/jeeves2k18/node_modules/.staging/raw-body-b5959d7c
379 verbose tar unpack /home/warlock/.npm/body-parser/1.18.2/package.tgz
380 verbose tar unpacking to /home/warlock/jeeves2k18/jeeves2k18/node_modules/.staging/body-parser-7f7a16be
381 silly gentlyRm /home/warlock/jeeves2k18/jeeves2k18/node_modules/.staging/body-parser-7f7a16be is being purged
382 verbose gentlyRm don't care about contents; nuking /home/warlock/jeeves2k18/jeeves2k18/node_modules/.staging/body-parser-7f7a16be
383 silly gunzTarPerm modes [ '755', '644' ]
384 silly gunzTarPerm modes [ '755', '644' ]
385 verbose tar unpack /home/warlock/.npm/express/4.16.3/package.tgz
386 verbose tar unpacking to /home/warlock/jeeves2k18/jeeves2k18/node_modules/.staging/express-5847800f
387 silly gentlyRm /home/warlock/jeeves2k18/jeeves2k18/node_modules/.staging/express-5847800f is being purged
388 verbose gentlyRm don't care about contents; nuking /home/warlock/jeeves2k18/jeeves2k18/node_modules/.staging/express-5847800f
389 silly gunzTarPerm modes [ '755', '644' ]
390 silly gunzTarPerm modes [ '755', '644' ]
391 silly gunzTarPerm modes [ '755', '644' ]
392 silly gunzTarPerm modes [ '755', '644' ]
393 silly gunzTarPerm modes [ '755', '644' ]
394 silly gunzTarPerm extractEntry package.json
395 silly gunzTarPerm modified mode [ 'package.json', 438, 420 ]
396 silly gunzTarPerm extractEntry package.json
397 silly gunzTarPerm extractEntry package.json
398 silly gunzTarPerm extractEntry package.json
399 silly gunzTarPerm modified mode [ 'package.json', 438, 420 ]
400 silly gunzTarPerm extractEntry package.json
401 silly gunzTarPerm modified mode [ 'package.json', 438, 420 ]
402 silly gunzTarPerm extractEntry package.json
403 silly gunzTarPerm modified mode [ 'package.json', 438, 420 ]
404 silly gunzTarPerm extractEntry package.json
405 silly gunzTarPerm extractEntry LICENSE
406 silly gunzTarPerm modified mode [ 'LICENSE', 438, 420 ]
407 silly gunzTarPerm extractEntry index.js
408 silly gunzTarPerm modified mode [ 'index.js', 438, 420 ]
409 silly gunzTarPerm extractEntry .npmignore
410 silly gunzTarPerm extractEntry README.md
411 silly gunzTarPerm extractEntry README.md
412 silly gunzTarPerm extractEntry LICENSE
413 silly gunzTarPerm extractEntry README.md
414 silly gunzTarPerm modified mode [ 'README.md', 438, 420 ]
415 silly gunzTarPerm extractEntry LICENSE
416 silly gunzTarPerm modified mode [ 'LICENSE', 438, 420 ]
417 silly gunzTarPerm extractEntry README.md
418 silly gunzTarPerm modified mode [ 'README.md', 438, 420 ]
419 silly gunzTarPerm extractEntry LICENSE
420 silly gunzTarPerm modified mode [ 'LICENSE', 438, 420 ]
421 silly gunzTarPerm extractEntry README.md
422 silly gunzTarPerm modified mode [ 'README.md', 438, 420 ]
423 silly gunzTarPerm extractEntry LICENSE
424 silly gunzTarPerm modified mode [ 'LICENSE', 438, 420 ]
425 silly gunzTarPerm extractEntry index.js
426 silly gunzTarPerm modified mode [ 'index.js', 438, 420 ]
427 silly gunzTarPerm extractEntry HISTORY.md
428 silly gunzTarPerm modified mode [ 'HISTORY.md', 438, 420 ]
429 silly gunzTarPerm extractEntry lib/read.js
430 silly gunzTarPerm modified mode [ 'lib/read.js', 438, 420 ]
431 silly gunzTarPerm extractEntry lib/types/json.js
432 silly gunzTarPerm modified mode [ 'lib/types/json.js', 438, 420 ]
433 silly gunzTarPerm extractEntry lib/types/raw.js
434 silly gunzTarPerm modified mode [ 'lib/types/raw.js', 438, 420 ]
435 silly gunzTarPerm extractEntry lib/types/text.js
436 silly gunzTarPerm modified mode [ 'lib/types/text.js', 438, 420 ]
437 silly gunzTarPerm extractEntry lib/types/urlencoded.js
438 silly gunzTarPerm modified mode [ 'lib/types/urlencoded.js', 438, 420 ]
439 silly gunzTarPerm extractEntry LICENSE
440 silly gunzTarPerm extractEntry index.js
441 silly gunzTarPerm extractEntry History.md
442 silly gunzTarPerm modified mode [ 'History.md', 438, 420 ]
443 silly gunzTarPerm extractEntry Readme.md
444 silly gunzTarPerm modified mode [ 'Readme.md', 438, 420 ]
445 silly gunzTarPerm extractEntry lib/browser/index.js
446 silly gunzTarPerm modified mode [ 'lib/browser/index.js', 438, 420 ]
447 silly gunzTarPerm extractEntry lib/compat/callsite-tostring.js
448 silly gunzTarPerm modified mode [ 'lib/compat/callsite-tostring.js', 438, 420 ]
449 silly gunzTarPerm extractEntry lib/compat/event-listener-count.js
450 silly gunzTarPerm modified mode [ 'lib/compat/event-listener-count.js', 438, 420 ]
451 silly gunzTarPerm extractEntry lib/compat/index.js
452 silly gunzTarPerm modified mode [ 'lib/compat/index.js', 438, 420 ]
453 silly gunzTarPerm extractEntry LICENSE
454 silly gunzTarPerm extractEntry encodings/dbcs-codec.js
455 silly gunzTarPerm extractEntry index.js
456 silly gunzTarPerm extractEntry index.js
457 silly gunzTarPerm modified mode [ 'index.js', 438, 420 ]
458 silly gunzTarPerm extractEntry HISTORY.md
459 silly gunzTarPerm modified mode [ 'HISTORY.md', 438, 420 ]
460 silly gunzTarPerm extractEntry index.js
461 silly gunzTarPerm modified mode [ 'index.js', 438, 420 ]
462 silly gunzTarPerm extractEntry HISTORY.md
463 silly gunzTarPerm modified mode [ 'HISTORY.md', 438, 420 ]
464 silly gunzTarPerm extractEntry index.d.ts
465 silly gunzTarPerm modified mode [ 'index.d.ts', 438, 420 ]
466 silly gunzTarPerm extractEntry Readme.md
467 silly gunzTarPerm extractEntry History.md
468 verbose unbuild node_modules/.staging/node-fetch-6e47f5b5
469 silly gentlyRm /home/warlock/jeeves2k18/jeeves2k18/node_modules/.staging/node-fetch-6e47f5b5 is being purged from base /home/warlock/jeeves2k18/jeeves2k18
470 verbose gentlyRm don't care about contents; nuking /home/warlock/jeeves2k18/jeeves2k18/node_modules/.staging/node-fetch-6e47f5b5
471 verbose tar unpack /home/warlock/.npm/node-fetch/2.2.0/package.tgz
472 verbose tar unpacking to /home/warlock/jeeves2k18/jeeves2k18/node_modules/.staging/node-fetch-6e47f5b5
473 silly gentlyRm /home/warlock/jeeves2k18/jeeves2k18/node_modules/.staging/node-fetch-6e47f5b5 is being purged
474 verbose gentlyRm don't care about contents; nuking /home/warlock/jeeves2k18/jeeves2k18/node_modules/.staging/node-fetch-6e47f5b5
475 silly gunzTarPerm modes [ '755', '644' ]
476 silly gunzTarPerm extractEntry encodings/dbcs-data.js
477 silly gunzTarPerm extractEntry lib/application.js
478 silly gunzTarPerm extractEntry encodings/index.js
479 silly gunzTarPerm extractEntry encodings/internal.js
480 silly gunzTarPerm extractEntry lib/express.js
481 silly gunzTarPerm extractEntry lib/request.js
482 silly gunzTarPerm extractEntry encodings/sbcs-codec.js
483 silly gunzTarPerm extractEntry encodings/sbcs-data-generated.js
484 silly gunzTarPerm extractEntry encodings/sbcs-data.js
485 silly gunzTarPerm extractEntry encodings/utf16.js
486 silly gunzTarPerm extractEntry lib/response.js
487 silly gunzTarPerm extractEntry lib/utils.js
488 silly gunzTarPerm extractEntry lib/view.js
489 silly gunzTarPerm extractEntry lib/middleware/init.js
490 silly gunzTarPerm extractEntry package.json
491 silly gunzTarPerm extractEntry lib/middleware/query.js
492 silly gunzTarPerm extractEntry lib/router/index.js
493 silly gunzTarPerm extractEntry browser.js
494 silly gunzTarPerm extractEntry CHANGELOG.md
495 silly gunzTarPerm extractEntry lib/router/layer.js
496 silly gentlyRm /home/warlock/jeeves2k18/jeeves2k18/node_modules/.staging/setprototypeof-42d808e7/node_modules is being purged
497 verbose gentlyRm don't care about contents; nuking /home/warlock/jeeves2k18/jeeves2k18/node_modules/.staging/setprototypeof-42d808e7/node_modules
498 silly gunzTarPerm extractEntry lib/router/route.js
499 silly gunzTarPerm extractEntry encodings/utf7.js
500 silly gunzTarPerm extractEntry encodings/tables/big5-added.json
501 silly gunzTarPerm extractEntry LICENSE.md
502 silly gunzTarPerm extractEntry README.md
503 silly gunzTarPerm extractEntry encodings/tables/cp936.json
504 silly gentlyRm /home/warlock/jeeves2k18/jeeves2k18/node_modules/.staging/http-errors-9c6a37d3/node_modules is being purged
505 verbose gentlyRm don't care about contents; nuking /home/warlock/jeeves2k18/jeeves2k18/node_modules/.staging/http-errors-9c6a37d3/node_modules
506 silly gunzTarPerm extractEntry encodings/tables/cp949.json
507 silly gunzTarPerm extractEntry lib/index.es.js
508 silly gunzTarPerm extractEntry encodings/tables/cp950.json
509 silly gunzTarPerm extractEntry encodings/tables/eucjp.json
510 silly gentlyRm /home/warlock/jeeves2k18/jeeves2k18/node_modules/.staging/raw-body-b5959d7c/node_modules is being purged
511 verbose gentlyRm don't care about contents; nuking /home/warlock/jeeves2k18/jeeves2k18/node_modules/.staging/raw-body-b5959d7c/node_modules
512 silly gunzTarPerm extractEntry lib/index.js
513 silly gunzTarPerm extractEntry lib/index.mjs
514 silly gunzTarPerm extractEntry encodings/tables/gb18030-ranges.json
515 silly gunzTarPerm extractEntry encodings/tables/gbk-added.json
516 silly gunzTarPerm extractEntry encodings/tables/shiftjis.json
517 silly gunzTarPerm extractEntry .travis.yml
518 silly gunzTarPerm extractEntry lib/bom-handling.js
519 silly gunzTarPerm extractEntry lib/extend-node.js
520 silly gunzTarPerm extractEntry lib/index.js
521 silly gentlyRm /home/warlock/jeeves2k18/jeeves2k18/node_modules/.staging/depd-f2f07e06/node_modules is being purged
522 verbose gentlyRm don't care about contents; nuking /home/warlock/jeeves2k18/jeeves2k18/node_modules/.staging/depd-f2f07e06/node_modules
523 silly gunzTarPerm extractEntry lib/streams.js
524 silly gunzTarPerm extractEntry lib/index.d.ts
525 silly gentlyRm /home/warlock/jeeves2k18/jeeves2k18/node_modules/.staging/body-parser-7f7a16be/node_modules is being purged
526 verbose gentlyRm don't care about contents; nuking /home/warlock/jeeves2k18/jeeves2k18/node_modules/.staging/body-parser-7f7a16be/node_modules
527 silly gunzTarPerm extractEntry Changelog.md
528 silly gentlyRm /home/warlock/jeeves2k18/jeeves2k18/node_modules/.staging/node-fetch-6e47f5b5/node_modules is being purged
529 verbose gentlyRm don't care about contents; nuking /home/warlock/jeeves2k18/jeeves2k18/node_modules/.staging/node-fetch-6e47f5b5/node_modules
530 silly gentlyRm /home/warlock/jeeves2k18/jeeves2k18/node_modules/.staging/express-5847800f/node_modules is being purged
531 verbose gentlyRm don't care about contents; nuking /home/warlock/jeeves2k18/jeeves2k18/node_modules/.staging/express-5847800f/node_modules
532 silly gentlyRm /home/warlock/jeeves2k18/jeeves2k18/node_modules/.staging/iconv-lite-54bd87da/node_modules is being purged
533 verbose gentlyRm don't care about contents; nuking /home/warlock/jeeves2k18/jeeves2k18/node_modules/.staging/iconv-lite-54bd87da/node_modules
534 silly doParallel preinstall 8
535 silly preinstall iconv-lite@0.4.19 /home/warlock/jeeves2k18/jeeves2k18/node_modules/.staging/iconv-lite-54bd87da
536 info lifecycle iconv-lite@0.4.19~preinstall: iconv-lite@0.4.19
537 silly preinstall depd@1.1.1 /home/warlock/jeeves2k18/jeeves2k18/node_modules/.staging/depd-f2f07e06
538 info lifecycle depd@1.1.1~preinstall: depd@1.1.1
539 silly preinstall setprototypeof@1.0.3 /home/warlock/jeeves2k18/jeeves2k18/node_modules/.staging/setprototypeof-42d808e7
540 info lifecycle setprototypeof@1.0.3~preinstall: setprototypeof@1.0.3
541 silly preinstall http-errors@1.6.2 /home/warlock/jeeves2k18/jeeves2k18/node_modules/.staging/http-errors-9c6a37d3
542 info lifecycle http-errors@1.6.2~preinstall: http-errors@1.6.2
543 silly preinstall raw-body@2.3.2 /home/warlock/jeeves2k18/jeeves2k18/node_modules/.staging/raw-body-b5959d7c
544 info lifecycle raw-body@2.3.2~preinstall: raw-body@2.3.2
545 silly preinstall body-parser@1.18.2 /home/warlock/jeeves2k18/jeeves2k18/node_modules/.staging/body-parser-7f7a16be
546 info lifecycle body-parser@1.18.2~preinstall: body-parser@1.18.2
547 silly preinstall express@4.16.3 /home/warlock/jeeves2k18/jeeves2k18/node_modules/.staging/express-5847800f
548 info lifecycle express@4.16.3~preinstall: express@4.16.3
549 silly preinstall node-fetch@2.2.0 /home/warlock/jeeves2k18/jeeves2k18/node_modules/.staging/node-fetch-6e47f5b5
550 info lifecycle node-fetch@2.2.0~preinstall: node-fetch@2.2.0
551 silly lifecycle iconv-lite@0.4.19~preinstall: no script for preinstall, continuing
552 silly lifecycle depd@1.1.1~preinstall: no script for preinstall, continuing
553 silly lifecycle setprototypeof@1.0.3~preinstall: no script for preinstall, continuing
554 silly lifecycle http-errors@1.6.2~preinstall: no script for preinstall, continuing
555 silly lifecycle raw-body@2.3.2~preinstall: no script for preinstall, continuing
556 silly lifecycle body-parser@1.18.2~preinstall: no script for preinstall, continuing
557 silly lifecycle express@4.16.3~preinstall: no script for preinstall, continuing
558 silly lifecycle node-fetch@2.2.0~preinstall: no script for preinstall, continuing
559 silly doReverseSerial remove 0
560 silly doSerial move 0
561 silly doSerial finalize 8
562 silly finalize /home/warlock/jeeves2k18/jeeves2k18/node_modules/express/node_modules/iconv-lite
563 silly finalize /home/warlock/jeeves2k18/jeeves2k18/node_modules/express/node_modules/raw-body/node_modules/depd
564 silly finalize /home/warlock/jeeves2k18/jeeves2k18/node_modules/express/node_modules/raw-body/node_modules/setprototypeof
565 silly finalize /home/warlock/jeeves2k18/jeeves2k18/node_modules/express/node_modules/raw-body/node_modules/http-errors
566 silly finalize /home/warlock/jeeves2k18/jeeves2k18/node_modules/express/node_modules/raw-body
567 silly finalize /home/warlock/jeeves2k18/jeeves2k18/node_modules/express/node_modules/body-parser
568 silly finalize /home/warlock/jeeves2k18/jeeves2k18/node_modules/express
569 verbose unlock done using /home/warlock/.npm/_locks/staging-eb94fcef77c18036.lock for /home/warlock/jeeves2k18/jeeves2k18/node_modules/.staging
570 silly rollbackFailedOptional Starting
571 silly rollbackFailedOptional Finishing
572 silly runTopLevelLifecycles Starting
573 silly runTopLevelLifecycles Finishing
574 silly install printInstalled
575 warn firebase-functions@2.0.5 requires a peer of firebase-admin@~6.0.0 but none was installed.
576 verbose stack Error: ENOTEMPTY: directory not empty, rename '/home/warlock/jeeves2k18/jeeves2k18/node_modules/express' -> '/home/warlock/jeeves2k18/jeeves2k18/node_modules/.express.DELETE'
576 verbose stack     at moveAway (/usr/share/npm/lib/install/action/finalize.js:38:5)
576 verbose stack     at destStatted (/usr/share/npm/lib/install/action/finalize.js:27:7)
576 verbose stack     at FSReqWrap.oncomplete (fs.js:153:5)
576 verbose stack
576 verbose stack Error: ENOTEMPTY: directory not empty, rename '/home/warlock/jeeves2k18/jeeves2k18/node_modules/express' -> '/home/warlock/jeeves2k18/jeeves2k18/node_modules/.express.DELETE'
577 verbose cwd /home/warlock/jeeves2k18/jeeves2k18
578 error Linux 4.15.0-34-generic
579 error argv "/usr/bin/node" "/usr/bin/npm" "i"
580 error node v8.10.0
581 error npm  v3.5.2
582 error path /home/warlock/jeeves2k18/jeeves2k18/node_modules/express
583 error code ENOTEMPTY
584 error errno -39
585 error syscall rename
586 error ENOTEMPTY: directory not empty, rename '/home/warlock/jeeves2k18/jeeves2k18/node_modules/express' -> '/home/warlock/jeeves2k18/jeeves2k18/node_modules/.express.DELETE'
587 error If you need help, you may report this error at:
587 error     <https://github.com/npm/npm/issues>
588 verbose exit [ -39, true ]
